Using pre-set license
Built from '2021.3/staging' branch; Version is '2021.3.5f1 (40eb3a945986) revision 4254522'; Using compiler version '192829333'; Build Type 'Release'
OS: 'Windows 10  (10.0.19045) 64bit Professional' Language: 'ru' Physical Memory: 16264 MB
BatchMode: 1, IsHumanControllingUs: 0, StartBugReporterOnCrash: 0, Is64bit: 1, IsPro: 1

COMMAND LINE ARGUMENTS:
C:\Program Files\Unity\Hub\Editor\2021.3.5f1\Editor\Unity.exe
-adb2
-batchMode
-noUpm
-name
AssetImportWorker0
-projectPath
C:/Unity/Triple Match 3D
-logFile
Logs/AssetImportWorker0.log
-srvPort
64700
Successfully changed project path to: C:/Unity/Triple Match 3D
C:/Unity/Triple Match 3D
[UnityMemory] Configuration Parameters - Can be set up in boot.config
    "memorysetup-bucket-allocator-granularity=16"
    "memorysetup-bucket-allocator-bucket-count=8"
    "memorysetup-bucket-allocator-block-size=33554432"
    "memorysetup-bucket-allocator-block-count=8"
    "memorysetup-main-allocator-block-size=16777216"
    "memorysetup-thread-allocator-block-size=16777216"
    "memorysetup-gfx-main-allocator-block-size=16777216"
    "memorysetup-gfx-thread-allocator-block-size=16777216"
    "memorysetup-cache-allocator-block-size=4194304"
    "memorysetup-typetree-allocator-block-size=2097152"
    "memorysetup-profiler-bucket-allocator-granularity=16"
    "memorysetup-profiler-bucket-allocator-bucket-count=8"
    "memorysetup-profiler-bucket-allocator-block-size=33554432"
    "memorysetup-profiler-bucket-allocator-block-count=8"
    "memorysetup-profiler-allocator-block-size=16777216"
    "memorysetup-profiler-editor-allocator-block-size=1048576"
    "memorysetup-temp-allocator-size-main=16777216"
    "memorysetup-job-temp-allocator-block-size=2097152"
    "memorysetup-job-temp-allocator-block-size-background=1048576"
    "memorysetup-job-temp-allocator-reduction-small-platforms=262144"
    "memorysetup-temp-allocator-size-background-worker=32768"
    "memorysetup-temp-allocator-size-job-worker=262144"
    "memorysetup-temp-allocator-size-preload-manager=33554432"
    "memorysetup-temp-allocator-size-nav-mesh-worker=65536"
    "memorysetup-temp-allocator-size-audio-worker=65536"
    "memorysetup-temp-allocator-size-cloud-worker=32768"
    "memorysetup-temp-allocator-size-gi-baking-worker=262144"
    "memorysetup-temp-allocator-size-gfx=262144"
Refreshing native plugins compatible for Editor in 104.14 ms, found 3 plugins.
Preloading 0 native plugins for Editor in 0.00 ms.
Initialize engine version: 2021.3.5f1 (40eb3a945986)
[Subsystems] Discovering subsystems at path C:/Program Files/Unity/Hub/Editor/2021.3.5f1/Editor/Data/Resources/UnitySubsystems
[Subsystems] Discovering subsystems at path C:/Unity/Triple Match 3D/Assets
GfxDevice: creating device client; threaded=0; jobified=0
Direct3D:
    Version:  Direct3D 11.0 [level 11.1]
    Renderer: NVIDIA GeForce GTX 1060 with Max-Q Design (ID=0x1c20)
    Vendor:   NVIDIA
    VRAM:     2987 MB
    Driver:   30.0.15.1278
Initialize mono
Mono path[0] = 'C:/Program Files/Unity/Hub/Editor/2021.3.5f1/Editor/Data/Managed'
Mono path[1] = 'C:/Program Files/Unity/Hub/Editor/2021.3.5f1/Editor/Data/MonoBleedingEdge/lib/mono/unityjit-win32'
Mono config path = 'C:/Program Files/Unity/Hub/Editor/2021.3.5f1/Editor/Data/MonoBleedingEdge/etc'
Using monoOptions --debugger-agent=transport=dt_socket,embedding=1,server=y,suspend=n,address=127.0.0.1:56368
Begin MonoManager ReloadAssembly
Registering precompiled unity dll's ...
Register platform support module: C:/Program Files/Unity/Hub/Editor/2021.3.5f1/Editor/Data/PlaybackEngines/WebGLSupport/UnityEditor.WebGL.Extensions.dll
Register platform support module: C:/Program Files/Unity/Hub/Editor/2021.3.5f1/Editor/Data/PlaybackEngines/WindowsStandaloneSupport/UnityEditor.WindowsStandalone.Extensions.dll
Registered in 0.010010 seconds.
Native extension for WindowsStandalone target not found
Native extension for WebGL target not found
Refreshing native plugins compatible for Editor in 100.42 ms, found 3 plugins.
Preloading 0 native plugins for Editor in 0.00 ms.
Mono: successfully reloaded assembly
- Completed reload, in  0.809 seconds
Domain Reload Profiling:
	ReloadAssembly (810ms)
		BeginReloadAssembly (105ms)
			ExecutionOrderSort (0ms)
			DisableScriptedObjects (0ms)
			BackupInstance (0ms)
			ReleaseScriptingObjects (0ms)
			CreateAndSetChildDomain (1ms)
		EndReloadAssembly (571ms)
			LoadAssemblies (102ms)
			RebuildTransferFunctionScriptingTraits (0ms)
			SetupTypeCache (159ms)
			ReleaseScriptCaches (0ms)
			RebuildScriptCaches (35ms)
			SetupLoadedEditorAssemblies (312ms)
				LogAssemblyErrors (0ms)
				InitializePlatformSupportModulesInManaged (10ms)
				SetLoadedEditorAssemblies (0ms)
				RefreshPlugins (101ms)
				BeforeProcessingInitializeOnLoad (1ms)
				ProcessInitializeOnLoadAttributes (139ms)
				ProcessInitializeOnLoadMethodAttributes (61ms)
				AfterProcessingInitializeOnLoad (0ms)
				EditorAssembliesLoaded (0ms)
			ExecutionOrderSort2 (0ms)
			AwakeInstancesAfterBackupRestoration (0ms)
Platform modules already initialized, skipping
Registering precompiled user dll's ...
Registered in 0.007056 seconds.
Begin MonoManager ReloadAssembly
Symbol file LoadedFromMemory doesn't match image C:\Unity\Triple Match 3D\Library\PackageCache\com.unity.visualscripting@1.7.8\Editor\VisualScripting.Core\Dependencies\YamlDotNet\Unity.VisualScripting.YamlDotNet.dll
Symbol file LoadedFromMemory doesn't match image C:\Unity\Triple Match 3D\Library\PackageCache\com.unity.visualscripting@1.7.8\Editor\VisualScripting.Core\Dependencies\DotNetZip\Unity.VisualScripting.IonicZip.dll
Native extension for WindowsStandalone target not found
Native extension for WebGL target not found
Refreshing native plugins compatible for Editor in 0.72 ms, found 3 plugins.
Preloading 0 native plugins for Editor in 0.00 ms.
Mono: successfully reloaded assembly
- Completed reload, in  1.270 seconds
Domain Reload Profiling:
	ReloadAssembly (1271ms)
		BeginReloadAssembly (138ms)
			ExecutionOrderSort (0ms)
			DisableScriptedObjects (6ms)
			BackupInstance (0ms)
			ReleaseScriptingObjects (0ms)
			CreateAndSetChildDomain (22ms)
		EndReloadAssembly (998ms)
			LoadAssemblies (111ms)
			RebuildTransferFunctionScriptingTraits (0ms)
			SetupTypeCache (331ms)
			ReleaseScriptCaches (1ms)
			RebuildScriptCaches (62ms)
			SetupLoadedEditorAssemblies (446ms)
				LogAssemblyErrors (0ms)
				InitializePlatformSupportModulesInManaged (8ms)
				SetLoadedEditorAssemblies (0ms)
				RefreshPlugins (1ms)
				BeforeProcessingInitializeOnLoad (106ms)
				ProcessInitializeOnLoadAttributes (289ms)
				ProcessInitializeOnLoadMethodAttributes (32ms)
				AfterProcessingInitializeOnLoad (10ms)
				EditorAssembliesLoaded (0ms)
			ExecutionOrderSort2 (0ms)
			AwakeInstancesAfterBackupRestoration (9ms)
Platform modules already initialized, skipping
========================================================================
Worker process is ready to serve import requests
Launched and connected shader compiler UnityShaderCompiler.exe after 0.06 seconds
Refreshing native plugins compatible for Editor in 0.79 ms, found 3 plugins.
Preloading 0 native plugins for Editor in 0.00 ms.
Unloading 3406 Unused Serialized files (Serialized files now loaded: 0)
Unloading 27 unused Assets / (111.1 KB). Loaded Objects now: 3863.
Memory consumption went from 118.9 MB to 118.8 MB.
Total: 3.642100 ms (FindLiveObjects: 0.318800 ms CreateObjectMapping: 0.258700 ms MarkObjects: 2.901500 ms  DeleteObjects: 0.161600 ms)

AssetImportParameters requested are different than current active one (requested -> active):
  custom:video-decoder-ogg-theora: a1e56fd34408186e4bbccfd4996cb3dc -> 
  custom:container-muxer-webm: aa71ff27fc2769a1b78a27578f13a17b -> 
  custom:container-demuxer-webm: 4f35f7cbe854078d1ac9338744f61a02 -> 
  custom:video-encoder-webm-vp8: eb34c28f22e8b96e1ab97ce403110664 -> 
  custom:audio-encoder-webm-vorbis: bf7c407c2cedff20999df2af8eb42d56 -> 
  custom:framework-win-MediaFoundation: 216162199b28c13a410421893ffa2e32 -> 
  custom:container-demuxer-ogg: 62fdf1f143b41e24485cea50d1cbac27 -> 
  custom:video-decoder-webm-vp8: 9c59270c3fd7afecdb556c50c9e8de78 -> 
  custom:audio-decoder-ogg-vorbis: bf7c407c2cedff20999df2af8eb42d56 -> 
========================================================================
Received Import Request.
  Time since last request: 995565.435204 seconds.
  path: Assets/Source/Prefabs/Pao
  artifactKey: Guid(f72a4fe9509b96d4baebdc1e5fd1eca8) Importer(815301076,1909f56bfc062723c751e8b465ee728b)
Start importing Assets/Source/Prefabs/Pao using Guid(f72a4fe9509b96d4baebdc1e5fd1eca8) Importer(815301076,1909f56bfc062723c751e8b465ee728b)  -> (artifact id: '2ae79728d3d74c55c4e6ff03b0bf338b') in 0.015421 seconds 
========================================================================
Received Import Request.
  Time since last request: 7.320322 seconds.
  path: Assets/Source/Prefabs/UI/PaoMainWindow.prefab
  artifactKey: Guid(9521d7db1126c55428381576f7916ed8) Importer(815301076,1909f56bfc062723c751e8b465ee728b)
Start importing Assets/Source/Prefabs/UI/PaoMainWindow.prefab using Guid(9521d7db1126c55428381576f7916ed8) Importer(815301076,1909f56bfc062723c751e8b465ee728b)  -> (artifact id: '8c940f4d13b359e86258b89b95adc13e') in 0.133623 seconds 
========================================================================
Received Import Request.
  Time since last request: 119.884584 seconds.
  path: Assets/Source/Sprites/UI
  artifactKey: Guid(34751f9c52f57cd44a2b12ef1f262999) Importer(815301076,1909f56bfc062723c751e8b465ee728b)
Start importing Assets/Source/Sprites/UI using Guid(34751f9c52f57cd44a2b12ef1f262999) Importer(815301076,1909f56bfc062723c751e8b465ee728b)  -> (artifact id: '9ff8d1ccae4b8c0f4847c5758e14cbf2') in 0.003528 seconds 
========================================================================
Received Import Request.
  Time since last request: 5.038076 seconds.
  path: Assets/Source/Sprites/UI/bej.png
  artifactKey: Guid(78c62a68e5e1673469c8a87277bf9db1) Importer(815301076,1909f56bfc062723c751e8b465ee728b)
Start importing Assets/Source/Sprites/UI/bej.png using Guid(78c62a68e5e1673469c8a87277bf9db1) Importer(815301076,1909f56bfc062723c751e8b465ee728b)  -> (artifact id: '0e629aa68b3bbb002488b4f0cab63aa3') in 0.114129 seconds 
========================================================================
Received Import Request.
  Time since last request: 0.000025 seconds.
  path: Assets/Source/Sprites/UI/knopkiZ.png
  artifactKey: Guid(c00a1fadc079b38408182c423ebd1482) Importer(815301076,1909f56bfc062723c751e8b465ee728b)
Start importing Assets/Source/Sprites/UI/knopkiZ.png using Guid(c00a1fadc079b38408182c423ebd1482) Importer(815301076,1909f56bfc062723c751e8b465ee728b)  -> (artifact id: 'e7e444fde0f45b3d5246667cdddad9c3') in 0.021142 seconds 
========================================================================
Received Import Request.
  Time since last request: 0.000029 seconds.
  path: Assets/Source/Sprites/UI/serd.png
  artifactKey: Guid(33d8d800ebacbd144a73320c0be31b95) Importer(815301076,1909f56bfc062723c751e8b465ee728b)
Start importing Assets/Source/Sprites/UI/serd.png using Guid(33d8d800ebacbd144a73320c0be31b95) Importer(815301076,1909f56bfc062723c751e8b465ee728b)  -> (artifact id: 'e0611da68fe11cee41fea64752683053') in 0.029979 seconds 
========================================================================
Received Import Request.
  Time since last request: 0.000032 seconds.
  path: Assets/Source/Sprites/UI/часы.png
  artifactKey: Guid(cdd2aa9d1b1736148aeed39aa06dfd55) Importer(815301076,1909f56bfc062723c751e8b465ee728b)
Start importing Assets/Source/Sprites/UI/часы.png using Guid(cdd2aa9d1b1736148aeed39aa06dfd55) Importer(815301076,1909f56bfc062723c751e8b465ee728b)  -> (artifact id: 'fa492bca9b22d7db9db8c20ead6c93a3') in 0.026640 seconds 
========================================================================
Received Import Request.
  Time since last request: 0.000049 seconds.
  path: Assets/Source/Sprites/UI/krugKr.png
  artifactKey: Guid(bb00333a5e21fb54e8e65de4825cc382) Importer(815301076,1909f56bfc062723c751e8b465ee728b)
Start importing Assets/Source/Sprites/UI/krugKr.png using Guid(bb00333a5e21fb54e8e65de4825cc382) Importer(815301076,1909f56bfc062723c751e8b465ee728b)  -> (artifact id: '1ef09de893e13412732272c93179a0cc') in 0.024171 seconds 
========================================================================
Received Import Request.
  Time since last request: 0.000031 seconds.
  path: Assets/Source/Sprites/UI/svet.png
  artifactKey: Guid(80f62e19622aeb34fa53bc375be65a93) Importer(815301076,1909f56bfc062723c751e8b465ee728b)
Start importing Assets/Source/Sprites/UI/svet.png using Guid(80f62e19622aeb34fa53bc375be65a93) Importer(815301076,1909f56bfc062723c751e8b465ee728b)  -> (artifact id: '96ad80b572b2559642b413b144523538') in 0.026981 seconds 
========================================================================
Received Import Request.
  Time since last request: 8.729428 seconds.
  path: Assets/Source/Sprites/UI/bej.png
  artifactKey: Guid(78c62a68e5e1673469c8a87277bf9db1) Importer(815301076,1909f56bfc062723c751e8b465ee728b)
Start importing Assets/Source/Sprites/UI/bej.png using Guid(78c62a68e5e1673469c8a87277bf9db1) Importer(815301076,1909f56bfc062723c751e8b465ee728b)  -> (artifact id: '95c281c56afa4310de58581a2275caf0') in 0.085724 seconds 
========================================================================
Received Import Request.
  Time since last request: 0.000029 seconds.
  path: Assets/Source/Sprites/UI/knopkiZ.png
  artifactKey: Guid(c00a1fadc079b38408182c423ebd1482) Importer(815301076,1909f56bfc062723c751e8b465ee728b)
Start importing Assets/Source/Sprites/UI/knopkiZ.png using Guid(c00a1fadc079b38408182c423ebd1482) Importer(815301076,1909f56bfc062723c751e8b465ee728b)  -> (artifact id: 'fc90ebc712acf350e5a2e4b9816ed92e') in 0.074498 seconds 
========================================================================
Received Import Request.
  Time since last request: 0.000029 seconds.
  path: Assets/Source/Sprites/UI/serd.png
  artifactKey: Guid(33d8d800ebacbd144a73320c0be31b95) Importer(815301076,1909f56bfc062723c751e8b465ee728b)
Start importing Assets/Source/Sprites/UI/serd.png using Guid(33d8d800ebacbd144a73320c0be31b95) Importer(815301076,1909f56bfc062723c751e8b465ee728b)  -> (artifact id: '0d4835b18d7518865642b9dd5d5f745f') in 0.107802 seconds 
========================================================================
Received Import Request.
  Time since last request: 0.000033 seconds.
  path: Assets/Source/Sprites/UI/часы.png
  artifactKey: Guid(cdd2aa9d1b1736148aeed39aa06dfd55) Importer(815301076,1909f56bfc062723c751e8b465ee728b)
Start importing Assets/Source/Sprites/UI/часы.png using Guid(cdd2aa9d1b1736148aeed39aa06dfd55) Importer(815301076,1909f56bfc062723c751e8b465ee728b)  -> (artifact id: '8c5ee5ecea9f634df330cef7b5c0a2b2') in 0.099822 seconds 
========================================================================
Received Import Request.
  Time since last request: 0.000030 seconds.
  path: Assets/Source/Sprites/UI/knopkiJ.png
  artifactKey: Guid(09fe1c1ca35532040bc1a515f4fc1bd7) Importer(815301076,1909f56bfc062723c751e8b465ee728b)
Start importing Assets/Source/Sprites/UI/knopkiJ.png using Guid(09fe1c1ca35532040bc1a515f4fc1bd7) Importer(815301076,1909f56bfc062723c751e8b465ee728b)  -> (artifact id: 'ae2d23623ff9bbefd8a52c0f07435ae4') in 0.055406 seconds 
========================================================================
Received Import Request.
  Time since last request: 0.000023 seconds.
  path: Assets/Source/Sprites/UI/krugKr.png
  artifactKey: Guid(bb00333a5e21fb54e8e65de4825cc382) Importer(815301076,1909f56bfc062723c751e8b465ee728b)
Start importing Assets/Source/Sprites/UI/krugKr.png using Guid(bb00333a5e21fb54e8e65de4825cc382) Importer(815301076,1909f56bfc062723c751e8b465ee728b)  -> (artifact id: '393ce8d68b2c0a1d5b54a52b3c6fea12') in 0.090219 seconds 
========================================================================
Received Import Request.
  Time since last request: 0.000048 seconds.
  path: Assets/Source/Sprites/UI/svet.png
  artifactKey: Guid(80f62e19622aeb34fa53bc375be65a93) Importer(815301076,1909f56bfc062723c751e8b465ee728b)
Start importing Assets/Source/Sprites/UI/svet.png using Guid(80f62e19622aeb34fa53bc375be65a93) Importer(815301076,1909f56bfc062723c751e8b465ee728b)  -> (artifact id: 'f2c208efe4790ec85a0ecf5311de3c27') in 0.084994 seconds 
========================================================================
Received Import Request.
  Time since last request: 129.052326 seconds.
  path: Assets/Source/Sprites/монета3.png
  artifactKey: Guid(6a719ab6f5b363c488caf569a48cfb2f) Importer(815301076,1909f56bfc062723c751e8b465ee728b)
Start importing Assets/Source/Sprites/монета3.png using Guid(6a719ab6f5b363c488caf569a48cfb2f) Importer(815301076,1909f56bfc062723c751e8b465ee728b)  -> (artifact id: '12c548b5ba65c7903d6929eb47ea93fa') in 0.051023 seconds 
========================================================================
Received Import Request.
  Time since last request: 17.385852 seconds.
  path: Assets/Source/Sprites/UI/X.png
  artifactKey: Guid(482e1015b10cc1941b6994ebbd26fc80) Importer(815301076,1909f56bfc062723c751e8b465ee728b)
Start importing Assets/Source/Sprites/UI/X.png using Guid(482e1015b10cc1941b6994ebbd26fc80) Importer(815301076,1909f56bfc062723c751e8b465ee728b)  -> (artifact id: '73c97f3e81b28828bf0d60bbb93cc8ac') in 0.020185 seconds 
========================================================================
Received Import Request.
  Time since last request: 55.395913 seconds.
  path: Assets/Source/Sprites/UI/X.png
  artifactKey: Guid(482e1015b10cc1941b6994ebbd26fc80) Importer(815301076,1909f56bfc062723c751e8b465ee728b)
Start importing Assets/Source/Sprites/UI/X.png using Guid(482e1015b10cc1941b6994ebbd26fc80) Importer(815301076,1909f56bfc062723c751e8b465ee728b)  -> (artifact id: 'd456ad4251667be7ca29c4538770a6aa') in 0.038369 seconds 
========================================================================
Received Import Request.
  Time since last request: 295.892799 seconds.
  path: Assets/Source/Scripts/UI/GameLostUI.cs
  artifactKey: Guid(d58a73901375902468aae9b4c75188b2) Importer(815301076,1909f56bfc062723c751e8b465ee728b)
Start importing Assets/Source/Scripts/UI/GameLostUI.cs using Guid(d58a73901375902468aae9b4c75188b2) Importer(815301076,1909f56bfc062723c751e8b465ee728b)  -> (artifact id: '930c74b5bf0e1cb18e9396b459637c17') in 0.013335 seconds 
========================================================================
Received Prepare
Registering precompiled user dll's ...
Registered in 0.008630 seconds.
Begin MonoManager ReloadAssembly
Symbol file LoadedFromMemory doesn't match image C:\Unity\Triple Match 3D\Library\PackageCache\com.unity.visualscripting@1.7.8\Editor\VisualScripting.Core\Dependencies\YamlDotNet\Unity.VisualScripting.YamlDotNet.dll
Symbol file LoadedFromMemory doesn't match image C:\Unity\Triple Match 3D\Library\PackageCache\com.unity.visualscripting@1.7.8\Editor\VisualScripting.Core\Dependencies\DotNetZip\Unity.VisualScripting.IonicZip.dll
Native extension for WindowsStandalone target not found
Native extension for WebGL target not found
Refreshing native plugins compatible for Editor in 0.75 ms, found 3 plugins.
Preloading 0 native plugins for Editor in 0.00 ms.
Mono: successfully reloaded assembly
- Completed reload, in  1.433 seconds
Domain Reload Profiling:
	ReloadAssembly (1434ms)
		BeginReloadAssembly (213ms)
			ExecutionOrderSort (0ms)
			DisableScriptedObjects (10ms)
			BackupInstance (0ms)
			ReleaseScriptingObjects (0ms)
			CreateAndSetChildDomain (53ms)
		EndReloadAssembly (1067ms)
			LoadAssemblies (140ms)
			RebuildTransferFunctionScriptingTraits (0ms)
			SetupTypeCache (425ms)
			ReleaseScriptCaches (1ms)
			RebuildScriptCaches (47ms)
			SetupLoadedEditorAssemblies (418ms)
				LogAssemblyErrors (0ms)
				InitializePlatformSupportModulesInManaged (18ms)
				SetLoadedEditorAssemblies (0ms)
				RefreshPlugins (1ms)
				BeforeProcessingInitializeOnLoad (81ms)
				ProcessInitializeOnLoadAttributes (272ms)
				ProcessInitializeOnLoadMethodAttributes (33ms)
				AfterProcessingInitializeOnLoad (13ms)
				EditorAssembliesLoaded (0ms)
			ExecutionOrderSort2 (0ms)
			AwakeInstancesAfterBackupRestoration (18ms)
Platform modules already initialized, skipping
Refreshing native plugins compatible for Editor in 3.45 ms, found 3 plugins.
Preloading 0 native plugins for Editor in 0.00 ms.
Unloading 3387 Unused Serialized files (Serialized files now loaded: 0)
Unloading 21 unused Assets / (79.4 KB). Loaded Objects now: 3890.
Memory consumption went from 121.8 MB to 121.7 MB.
Total: 3.362400 ms (FindLiveObjects: 0.236000 ms CreateObjectMapping: 0.150700 ms MarkObjects: 2.847800 ms  DeleteObjects: 0.127100 ms)

AssetImportParameters requested are different than current active one (requested -> active):
  custom:video-decoder-ogg-theora: a1e56fd34408186e4bbccfd4996cb3dc -> 
  custom:container-muxer-webm: aa71ff27fc2769a1b78a27578f13a17b -> 
  custom:container-demuxer-webm: 4f35f7cbe854078d1ac9338744f61a02 -> 
  custom:video-encoder-webm-vp8: eb34c28f22e8b96e1ab97ce403110664 -> 
  custom:audio-encoder-webm-vorbis: bf7c407c2cedff20999df2af8eb42d56 -> 
  custom:framework-win-MediaFoundation: 216162199b28c13a410421893ffa2e32 -> 
  custom:container-demuxer-ogg: 62fdf1f143b41e24485cea50d1cbac27 -> 
  custom:video-decoder-webm-vp8: 9c59270c3fd7afecdb556c50c9e8de78 -> 
  custom:audio-decoder-ogg-vorbis: bf7c407c2cedff20999df2af8eb42d56 -> 
========================================================================
Received Import Request.
  Time since last request: 23.661345 seconds.
  path: Assets/Source/Scripts/Runtime/Timer/TimerSystem.cs
  artifactKey: Guid(4e5ca2cc7f883c1488aa9695404f5d11) Importer(815301076,1909f56bfc062723c751e8b465ee728b)
Start importing Assets/Source/Scripts/Runtime/Timer/TimerSystem.cs using Guid(4e5ca2cc7f883c1488aa9695404f5d11) Importer(815301076,1909f56bfc062723c751e8b465ee728b)  -> (artifact id: '133b3e0d900c80a64f9d9e05af67b460') in 0.013208 seconds 
========================================================================
Received Import Request.
  Time since last request: 1.771114 seconds.
  path: Assets/Source/Scripts/Runtime/UI/UISystem.cs
  artifactKey: Guid(935c88a16cdc12a49b51ae93e8dc03ea) Importer(815301076,1909f56bfc062723c751e8b465ee728b)
Start importing Assets/Source/Scripts/Runtime/UI/UISystem.cs using Guid(935c88a16cdc12a49b51ae93e8dc03ea) Importer(815301076,1909f56bfc062723c751e8b465ee728b)  -> (artifact id: '4d907d039d30ac6d513cc8cc26e8a6aa') in 0.009395 seconds 
========================================================================
Received Import Request.
  Time since last request: 173.963587 seconds.
  path: Assets/Source/Scripts/UI/GameLostUI.cs
  artifactKey: Guid(d58a73901375902468aae9b4c75188b2) Importer(815301076,1909f56bfc062723c751e8b465ee728b)
Start importing Assets/Source/Scripts/UI/GameLostUI.cs using Guid(d58a73901375902468aae9b4c75188b2) Importer(815301076,1909f56bfc062723c751e8b465ee728b)  -> (artifact id: 'bc8500d45692f97f24b2fc4ffbee941f') in 0.009421 seconds 
========================================================================
Received Prepare
Registering precompiled user dll's ...
Registered in 0.008311 seconds.
Begin MonoManager ReloadAssembly
Symbol file LoadedFromMemory doesn't match image C:\Unity\Triple Match 3D\Library\PackageCache\com.unity.visualscripting@1.7.8\Editor\VisualScripting.Core\Dependencies\YamlDotNet\Unity.VisualScripting.YamlDotNet.dll
Symbol file LoadedFromMemory doesn't match image C:\Unity\Triple Match 3D\Library\PackageCache\com.unity.visualscripting@1.7.8\Editor\VisualScripting.Core\Dependencies\DotNetZip\Unity.VisualScripting.IonicZip.dll
Native extension for WindowsStandalone target not found
Native extension for WebGL target not found
Refreshing native plugins compatible for Editor in 0.60 ms, found 3 plugins.
Preloading 0 native plugins for Editor in 0.00 ms.
Mono: successfully reloaded assembly
- Completed reload, in  1.329 seconds
Domain Reload Profiling:
	ReloadAssembly (1330ms)
		BeginReloadAssembly (195ms)
			ExecutionOrderSort (0ms)
			DisableScriptedObjects (7ms)
			BackupInstance (0ms)
			ReleaseScriptingObjects (0ms)
			CreateAndSetChildDomain (49ms)
		EndReloadAssembly (979ms)
			LoadAssemblies (131ms)
			RebuildTransferFunctionScriptingTraits (0ms)
			SetupTypeCache (362ms)
			ReleaseScriptCaches (1ms)
			RebuildScriptCaches (45ms)
			SetupLoadedEditorAssemblies (408ms)
				LogAssemblyErrors (0ms)
				InitializePlatformSupportModulesInManaged (18ms)
				SetLoadedEditorAssemblies (0ms)
				RefreshPlugins (1ms)
				BeforeProcessingInitializeOnLoad (81ms)
				ProcessInitializeOnLoadAttributes (265ms)
				ProcessInitializeOnLoadMethodAttributes (33ms)
				AfterProcessingInitializeOnLoad (9ms)
				EditorAssembliesLoaded (0ms)
			ExecutionOrderSort2 (0ms)
			AwakeInstancesAfterBackupRestoration (10ms)
Platform modules already initialized, skipping
Refreshing native plugins compatible for Editor in 2.38 ms, found 3 plugins.
Preloading 0 native plugins for Editor in 0.00 ms.
Unloading 3387 Unused Serialized files (Serialized files now loaded: 0)
Unloading 20 unused Assets / (78.7 KB). Loaded Objects now: 3893.
Memory consumption went from 121.8 MB to 121.7 MB.
Total: 3.801300 ms (FindLiveObjects: 0.380700 ms CreateObjectMapping: 0.298200 ms MarkObjects: 3.012600 ms  DeleteObjects: 0.108700 ms)

AssetImportParameters requested are different than current active one (requested -> active):
  custom:video-decoder-ogg-theora: a1e56fd34408186e4bbccfd4996cb3dc -> 
  custom:container-muxer-webm: aa71ff27fc2769a1b78a27578f13a17b -> 
  custom:container-demuxer-webm: 4f35f7cbe854078d1ac9338744f61a02 -> 
  custom:video-encoder-webm-vp8: eb34c28f22e8b96e1ab97ce403110664 -> 
  custom:audio-encoder-webm-vorbis: bf7c407c2cedff20999df2af8eb42d56 -> 
  custom:framework-win-MediaFoundation: 216162199b28c13a410421893ffa2e32 -> 
  custom:container-demuxer-ogg: 62fdf1f143b41e24485cea50d1cbac27 -> 
  custom:video-decoder-webm-vp8: 9c59270c3fd7afecdb556c50c9e8de78 -> 
  custom:audio-decoder-ogg-vorbis: bf7c407c2cedff20999df2af8eb42d56 -> 
========================================================================
Received Import Request.
  Time since last request: 88.309379 seconds.
  path: Assets/Source/Scripts/UI/Timer/TimerFinishedUI.cs
  artifactKey: Guid(eb70238d3bef95e42ad7c5b618653bc0) Importer(815301076,1909f56bfc062723c751e8b465ee728b)
Start importing Assets/Source/Scripts/UI/Timer/TimerFinishedUI.cs using Guid(eb70238d3bef95e42ad7c5b618653bc0) Importer(815301076,1909f56bfc062723c751e8b465ee728b)  -> (artifact id: '76aff8a1cd006cc6d7bc4ce17ea39f2c') in 0.017120 seconds 
========================================================================
Received Import Request.
  Time since last request: 489.797860 seconds.
  path: Assets/Source/Scripts/UI/Timer/TimerFinishedUI.cs
  artifactKey: Guid(eb70238d3bef95e42ad7c5b618653bc0) Importer(815301076,1909f56bfc062723c751e8b465ee728b)
Start importing Assets/Source/Scripts/UI/Timer/TimerFinishedUI.cs using Guid(eb70238d3bef95e42ad7c5b618653bc0) Importer(815301076,1909f56bfc062723c751e8b465ee728b)  -> (artifact id: '51121f1b348fdece28da427c96ccaf7d') in 0.011512 seconds 
